2014/11/27 23:04:24 [error] [exception.CHttpException.404] exception 'CHttpException' with message 'Unable to resolve the request "gii".' in C:\TV\xampp\htdocs\php_modul\v09\yii\framework\web\CWebApplication.php:286
Stack trace:
#0 C:\TV\xampp\htdocs\php_modul\v09\yii\framework\web\CWebApplication.php(141): CWebApplication->runController('gii')
#1 C:\TV\xampp\htdocs\php_modul\v09\yii\framework\base\CApplication.php(169): CWebApplication->processRequest()
#2 C:\TV\xampp\htdocs\php_modul\v09\yii\trackstar\index.php(13): CApplication->run()
#3 {main}
REQUEST_URI=/php_modul/v09/yii/trackstar/index.php?r=gii
---
2014/11/27 23:16:32 [error] [exception.CHttpException.403] exception 'CHttpException' with message 'You are not authorized to perform this action.' in C:\TV\xampp\htdocs\php_modul\v09\yii\framework\web\auth\CAccessControlFilter.php:179
Stack trace:
#0 C:\TV\xampp\htdocs\php_modul\v09\yii\framework\web\auth\CAccessControlFilter.php(142): CAccessControlFilter->accessDenied(Object(CWebUser), 'You are not aut...')
#1 C:\TV\xampp\htdocs\php_modul\v09\yii\framework\web\filters\CFilter.php(38): CAccessControlFilter->preFilter(Object(CFilterChain))
#2 C:\TV\xampp\htdocs\php_modul\v09\yii\framework\web\CController.php(1145): CFilter->filter(Object(CFilterChain))
#3 C:\TV\xampp\htdocs\php_modul\v09\yii\framework\web\filters\CInlineFilter.php(58): CController->filterAccessControl(Object(CFilterChain))
#4 C:\TV\xampp\htdocs\php_modul\v09\yii\framework\web\filters\CFilterChain.php(130): CInlineFilter->filter(Object(CFilterChain))
#5 C:\TV\xampp\htdocs\php_modul\v09\yii\framework\web\CController.php(291): CFilterChain->run()
#6 C:\TV\xampp\htdocs\php_modul\v09\yii\framework\web\CController.php(265): CController->runActionWithFilters(Object(CInlineAction), Array)
#7 C:\TV\xampp\htdocs\php_modul\v09\yii\framework\web\CWebApplication.php(282): CController->run('admin')
#8 C:\TV\xampp\htdocs\php_modul\v09\yii\framework\web\CWebApplication.php(141): CWebApplication->runController('project/admin')
#9 C:\TV\xampp\htdocs\php_modul\v09\yii\framework\base\CApplication.php(169): CWebApplication->processRequest()
#10 C:\TV\xampp\htdocs\php_modul\v09\yii\trackstar\index.php(13): CApplication->run()
#11 {main}
REQUEST_URI=/php_modul/v09/yii/trackstar/index.php?r=project/admin
HTTP_REFERER=http://localhost/php_modul/v09/yii/trackstar/index.php?r=project/index
---
